proguard/seeds.txt
com.yuri.notebook.AboutActivity
com.yuri.notebook.AboutActivity: AboutActivity()
com.yuri.notebook.CheckNoteActivity
com.yuri.notebook.CheckNoteActivity: CheckNoteActivity()
com.yuri.notebook.EditNoteActivity
com.yuri.notebook.EditNoteActivity: EditNoteActivity()
com.yuri.notebook.LineEditText
com.yuri.notebook.LineEditText: LineEditText(android.content.Context,android.util.AttributeSet)
com.yuri.notebook.LineEditText: LineEditText(android.content.Context)
com.yuri.notebook.NewNoteActivity
com.yuri.notebook.NewNoteActivity: NewNoteActivity()
com.yuri.notebook.NoteSettingActivity
com.yuri.notebook.NoteSettingActivity: NoteSettingActivity()
com.yuri.notebook.R$anim: int translate_left
com.yuri.notebook.R$anim: int translate_right
com.yuri.notebook.R$anim: int zoom_out_enter
com.yuri.notebook.R$anim: int zoom_out_exit
com.yuri.notebook.R$array: int action_list
com.yuri.notebook.R$array: int color_entries
com.yuri.notebook.R$array: int color_entryvalues
com.yuri.notebook.R$array: int entries_list_preference
com.yuri.notebook.R$array: int entryvalues_list_preference
com.yuri.notebook.R$array: int font_entries
com.yuri.notebook.R$array: int font_entryvalues
com.yuri.notebook.R$array: int group_list
com.yuri.notebook.R$attr: int aspect
com.yuri.notebook.R$color: int family
com.yuri.notebook.R$color: int none
com.yuri.notebook.R$color: int personal
com.yuri.notebook.R$color: int study
com.yuri.notebook.R$color: int work
com.yuri.notebook.R$drawable: int action_search
com.yuri.notebook.R$drawable: int actionbar_backup
com.yuri.notebook.R$drawable: int actionbar_delete
com.yuri.notebook.R$drawable: int actionbar_edit
com.yuri.notebook.R$drawable: int actionbar_more
com.yuri.notebook.R$drawable: int add_button
com.yuri.notebook.R$drawable: int app_ic_notebook
com.yuri.notebook.R$drawable: int app_notes
com.yuri.notebook.R$drawable: int btn_code_lock_default_holo
com.yuri.notebook.R$drawable: int btn_code_lock_touched_holo
com.yuri.notebook.R$drawable: int button_bg
com.yuri.notebook.R$drawable: int content_bg
com.yuri.notebook.R$drawable: int dropdown_ic_arrow_normal_holo_dark
com.yuri.notebook.R$drawable: int ic_action_cancel
com.yuri.notebook.R$drawable: int ic_action_search
com.yuri.notebook.R$drawable: int ic_clear_select
com.yuri.notebook.R$drawable: int ic_clear_select_disable
com.yuri.notebook.R$drawable: int ic_drawer
com.yuri.notebook.R$drawable: int ic_menu_backup
com.yuri.notebook.R$drawable: int ic_menu_compose
com.yuri.notebook.R$drawable: int ic_menu_delete_disable
com.yuri.notebook.R$drawable: int ic_menu_delete_selected
com.yuri.notebook.R$drawable: int ic_menu_edit_current
com.yuri.notebook.R$drawable: int ic_menu_edit_disable
com.yuri.notebook.R$drawable: int ic_menu_more
com.yuri.notebook.R$drawable: int ic_menu_more_disable
com.yuri.notebook.R$drawable: int ic_notification_delete
com.yuri.notebook.R$drawable: int ic_select_all
...
android.support.v4.app.FragmentTabHost: void setOnTabChangedListener(android.widget.TabHost$OnTabChangeListener)
android.support.v4.app.FragmentTabHost$SavedState
android.support.v4.app.FragmentTabHost$SavedState: android.os.Parcelable$Creator CREATOR
android.support.v4.content.ModernAsyncTask$Status: android.support.v4.content.ModernAsyncTask$Status[] values()
android.support.v4.content.ModernAsyncTask$Status: android.support.v4.content.ModernAsyncTask$Status valueOf(java.lang.String)
android.support.v4.view.PagerTabStrip: void setTabIndicatorColor(int)
android.support.v4.view.PagerTabStrip: void setTabIndicatorColorResource(int)
android.support.v4.view.PagerTabStrip: int getTabIndicatorColor()
android.support.v4.view.PagerTabStrip: void setTextSpacing(int)
android.support.v4.view.PagerTabStrip: void setBackgroundDrawable(android.graphics.drawable.Drawable)
android.support.v4.view.PagerTabStrip: void setBackgroundColor(int)
android.support.v4.view.PagerTabStrip: void setBackgroundResource(int)
android.support.v4.view.PagerTabStrip: void setDrawFullUnderline(boolean)
android.support.v4.view.PagerTabStrip: boolean getDrawFullUnderline()
android.support.v4.view.PagerTabStrip: int getMinHeight()
android.support.v4.view.PagerTitleStrip: void setSingleLineAllCaps(android.widget.TextView)
android.support.v4.view.PagerTitleStrip: void setTextSpacing(int)
android.support.v4.view.PagerTitleStrip: int getTextSpacing()
android.support.v4.view.PagerTitleStrip: void setNonPrimaryAlpha(float)
android.support.v4.view.PagerTitleStrip: void setTextColor(int)
android.support.v4.view.PagerTitleStrip: void setGravity(int)
android.support.v4.view.PagerTitleStrip: int getMinHeight()
android.support.v4.view.ViewPager: void setScrollState(int)
android.support.v4.view.ViewPager: void setAdapter(android.support.v4.view.PagerAdapter)
android.support.v4.view.ViewPager: android.support.v4.view.PagerAdapter getAdapter()
android.support.v4.view.ViewPager: void setOnAdapterChangeListener(android.support.v4.view.ViewPager$OnAdapterChangeListener)
android.support.v4.view.ViewPager: int getClientWidth()
android.support.v4.view.ViewPager: void setCurrentItem(int)
android.support.v4.view.ViewPager: int getCurrentItem()
android.support.v4.view.ViewPager: void setOnPageChangeListener(android.support.v4.view.ViewPager$OnPageChangeListener)
android.support.v4.view.ViewPager: void setChildrenDrawingOrderEnabledCompat(boolean)
android.support.v4.view.ViewPager: int getOffscreenPageLimit()
android.support.v4.view.ViewPager: void setOffscreenPageLimit(int)
android.support.v4.view.ViewPager: void setPageMargin(int)
android.support.v4.view.ViewPager: int getPageMargin()
android.support.v4.view.ViewPager: void setPageMarginDrawable(android.graphics.drawable.Drawable)
android.support.v4.view.ViewPager: void setPageMarginDrawable(int)
android.support.v4.view.ViewPager: void setScrollingCacheEnabled(boolean)
android.support.v4.view.ViewPager$SavedState
android.support.v4.view.ViewPager$SavedState: android.os.Parcelable$Creator CREATOR
android.support.v4.widget.DrawerLayout
android.support.v4.widget.DrawerLayout: DrawerLayout(android.content.Context)
android.support.v4.widget.DrawerLayout: DrawerLayout(android.content.Context,android.util.AttributeSet)
android.support.v4.widget.DrawerLayout: DrawerLayout(android.content.Context,android.util.AttributeSet,int)
android.support.v4.widget.DrawerLayout: void setScrimColor(int)
android.support.v4.widget.DrawerLayout: void setDrawerListener(android.support.v4.widget.DrawerLayout$DrawerListener)
android.support.v4.widget.DrawerLayout: void setDrawerLockMode(int)
android.support.v4.widget.DrawerLayout$SavedState
android.support.v4.widget.DrawerLayout$SavedState: android.os.Parcelable$Creator CREATOR