proguard/mapping.txt
com.yuri.notebook.AboutActivity -> com.yuri.notebook.AboutActivity:
    void onCreate(android.os.Bundle) -> onCreate
    boolean onCreateOptionsMenu(android.view.Menu) -> onCreateOptionsMenu
    boolean onOptionsItemSelected(android.view.MenuItem) -> onOptionsItemSelected
com.yuri.notebook.AboutActivity$1 -> com.yuri.notebook.a:
    com.yuri.notebook.AboutActivity this$0 -> a
    android.content.SharedPreferences$Editor val$editor -> b
    boolean onLongClick(android.view.View) -> onLongClick
com.yuri.notebook.CheckNoteActivity -> com.yuri.notebook.CheckNoteActivity:
    android.widget.TextView mContentTv -> a
    android.widget.TextView mGroupTv -> b
    android.widget.TextView mDateTv -> c
    long itemId -> d
    com.yuri.notebook.utils.Notes mNoteBook -> e
    long mTime -> f
    android.content.SharedPreferences sp -> g
    void onCreate(android.os.Bundle) -> onCreate
    void onResume() -> onResume
    boolean onCreateOptionsMenu(android.view.Menu) -> onCreateOptionsMenu
    boolean onOptionsItemSelected(android.view.MenuItem) -> onOptionsItemSelected
    boolean onKeyDown(int,android.view.KeyEvent) -> onKeyDown
    long access$0(com.yuri.notebook.CheckNoteActivity) -> a
com.yuri.notebook.CheckNoteActivity$1 -> com.yuri.notebook.b:
    com.yuri.notebook.CheckNoteActivity this$0 -> a
    void onClick(android.content.DialogInterface,int) -> onClick
com.yuri.notebook.EditNoteActivity -> com.yuri.notebook.EditNoteActivity:
    android.widget.EditText mContentEdit -> b
    long mTime -> c
    java.lang.String mTitle -> d
    java.lang.String mContent -> e
    java.lang.String mGroup -> f
    long itemId -> a
    com.yuri.notebook.utils.Notes mNoteBook -> g
    android.content.SharedPreferences sp -> h
    android.widget.Spinner mSpinner -> i
    java.lang.String[] mGroups -> j
    void onCreate(android.os.Bundle) -> onCreate
    void doSaveAction() -> a
    boolean onCreateOptionsMenu(android.view.Menu) -> onCreateOptionsMenu
    boolean onOptionsItemSelected(android.view.MenuItem) -> onOptionsItemSelected
    boolean onKeyDown(int,android.view.KeyEvent) -> onKeyDown
    void onItemSelected(android.widget.AdapterView,android.view.View,int,long) -> onItemSelected
    void onNothingSelected(android.widget.AdapterView) -> onNothingSelected
    java.lang.String[] access$0(com.yuri.notebook.EditNoteActivity) -> a
    void access$1(com.yuri.notebook.EditNoteActivity) -> b
com.yuri.notebook.EditNoteActivity$1 -> com.yuri.notebook.c:
    com.yuri.notebook.EditNoteActivity this$0 -> a
    void onClick(android.view.View) -> onClick
com.yuri.notebook.EditNoteActivity$2 -> com.yuri.notebook.d:
    com.yuri.notebook.EditNoteActivity this$0 -> a
    void onClick(android.view.View) -> onClick
com.yuri.notebook.EditNoteActivity$MySpinnerAdapter -> com.yuri.notebook.e:
    com.yuri.notebook.EditNoteActivity this$0 -> a
    int getCount() -> getCount
    java.lang.Object getItem(int) -> getItem
    long getItemId(int) -> getItemId
    android.view.View getView(int,android.view.View,android.view.ViewGroup) -> getView
com.yuri.notebook.LineEditText -> com.yuri.notebook.LineEditText:
    android.graphics.Paint mPaint -> a
    android.graphics.Rect mRect -> b
    float mult -> c
    float add -> d
    void init() -> a
    void onDraw(android.graphics.Canvas) -> onDraw
...
net.lingala.zip4j.core.HeaderWriter -> a.a.a.a.b:
    int ZIP64_EXTRA_BUF -> a
    int writeLocalFileHeader(net.lingala.zip4j.model.ZipModel,net.lingala.zip4j.model.LocalFileHeader,java.io.OutputStream) -> a
    void finalizeZipFile(net.lingala.zip4j.model.ZipModel,java.io.OutputStream) -> a
    int writeCentralDirectory(net.lingala.zip4j.model.ZipModel,java.io.OutputStream,java.util.List) -> a
    int writeFileHeader(net.lingala.zip4j.model.ZipModel,net.lingala.zip4j.model.FileHeader,java.io.OutputStream,java.util.List) -> a
    void copyByteArrayToArrayList(byte[],java.util.List) -> a
    byte[] byteArrayListToByteArray(java.util.List) -> a
    int countNumberOfFileHeaderEntriesOnDisk(java.util.ArrayList,int) -> a
net.lingala.zip4j.core.ZipFile -> a.a.a.a.c:
    java.lang.String file -> a
    int mode -> b
    net.lingala.zip4j.model.ZipModel zipModel -> c
    net.lingala.zip4j.progress.ProgressMonitor progressMonitor -> d
    boolean runInThread -> e
    java.lang.String fileNameCharset -> f
net.lingala.zip4j.crypto.AESEncrpyter -> a.a.a.b.a:
    char[] password -> d
    int keyStrength -> e
    net.lingala.zip4j.crypto.engine.AESEngine aesEngine -> f
    net.lingala.zip4j.crypto.PBKDF2.MacBasedPRF mac -> a
    int KEY_LENGTH -> g
    int MAC_LENGTH -> h
    int SALT_LENGTH -> i
    int PASSWORD_VERIFIER_LENGTH -> j
    byte[] aesKey -> k
    byte[] macKey -> l
    byte[] derivedPasswordVerifier -> b
    byte[] saltBytes -> c
    boolean finished -> m
    int nonce -> n
    int loopCount -> o
    byte[] iv -> p
    byte[] counterBlock -> q
    byte[] deriveKey(byte[],char[]) -> a
    int encryptData(byte[],int,int) -> a
    byte[] generateSalt(int) -> a
net.lingala.zip4j.crypto.IEncrypter -> a.a.a.b.b:
    int encryptData(byte[],int,int) -> a
net.lingala.zip4j.crypto.PBKDF2.MacBasedPRF -> a.a.a.b.a.a:
    javax.crypto.Mac mac -> a
    int hLen -> b
    java.lang.String macAlgorithm -> c
    byte[] doFinal(byte[]) -> a
    byte[] doFinal() -> a
    int getHLen() -> b
    void init(byte[]) -> b
    void update(byte[],int,int) -> a
net.lingala.zip4j.crypto.PBKDF2.PBKDF2Engine -> a.a.a.b.a.b:
    net.lingala.zip4j.crypto.PBKDF2.PBKDF2Parameters parameters -> a
    net.lingala.zip4j.crypto.PBKDF2.PRF prf -> b
    byte[] deriveKey(char[],int) -> a
    byte[] PBKDF2(net.lingala.zip4j.crypto.PBKDF2.PRF,byte[],int,int) -> a
net.lingala.zip4j.crypto.PBKDF2.PBKDF2Parameters -> a.a.a.b.a.c:
    byte[] salt -> a
    int iterationCount -> b
    java.lang.String hashAlgorithm -> c
    java.lang.String hashCharset -> d
    byte[] derivedKey -> e
    int getIterationCount() -> a
    byte[] getSalt() -> b
    java.lang.String getHashAlgorithm() -> c
net.lingala.zip4j.crypto.PBKDF2.PRF -> a.a.a.b.a.d:
    void init(byte[]) -> b
    byte[] doFinal(byte[]) -> a
    int getHLen() -> b
net.lingala.zip4j.crypto.StandardEncrypter -> a.a.a.b.c:
    net.lingala.zip4j.crypto.engine.ZipCryptoEngine zipCryptoEngine -> b
    byte[] headerBytes -> a
    int encryptData(byte[],int,int) -> a
    byte encryptByte(byte) -> a
    byte[] generateRandomBytes$255806f() -> a
net.lingala.zip4j.crypto.engine.AESEngine -> a.a.a.b.b.a:
    int rounds -> a
    int[][] workingKey -> b
    int C0 -> c
    int C1 -> d
    int C2 -> e
    int C3 -> f
    byte[] S -> g
    int[] rcon -> h
    int[] T0 -> i
    int[][] generateWorkingKey(byte[]) -> a
    int processBlock(byte[],byte[]) -> a
    int shift(int,int) -> a
    int subWord(int) -> a
net.lingala.zip4j.crypto.engine.ZipCryptoEngine -> a.a.a.b.b.b:
    int[] keys -> a
    int[] CRC_TABLE -> b
    void initKeys(char[]) -> a
    void updateKeys(byte) -> a
    int crc32(int,byte) -> a
    byte decryptByte() -> a
net.lingala.zip4j.exception.ZipException -> a.a.a.c.a:
    int code -> a
net.lingala.zip4j.io.BaseOutputStream -> a.a.a.d.a:
    void write(int) -> write