proguard/usage.txt
com.yuri.notebook.BuildConfig
com.yuri.notebook.CheckNoteActivity:
    private static final java.lang.String TAG
    private com.yuri.notebook.utils.NoteManager mNoteManager
com.yuri.notebook.NewNoteActivity:
    private static final java.lang.String TAG
    java.util.Calendar calendar
    android.content.Intent intent
    private int mFontSize
    private int mColorType
com.yuri.notebook.NoteSettingFragment:
    private static final java.lang.String TAG
    private int mFont
    private int mColor
com.yuri.notebook.NoteSettingFragment$RestoreFromZipTask
com.yuri.notebook.R:
    10:10:public R()
com.yuri.notebook.R$anim
com.yuri.notebook.R$array
com.yuri.notebook.R$attr
com.yuri.notebook.R$color
com.yuri.notebook.R$drawable
com.yuri.notebook.R$id
com.yuri.notebook.R$layout
com.yuri.notebook.R$menu
com.yuri.notebook.R$string
com.yuri.notebook.R$style
com.yuri.notebook.R$styleable:
    366:366:public R$styleable()
com.yuri.notebook.R$xml
com.yuri.notebook.XmlBackupActivity:
    private static final java.lang.String TAG
com.yuri.notebook.ZipBackupActivity:
    private static final java.lang.String TAG
com.yuri.notebook.db.NoteMetaData:
    public static final java.lang.String DATABASE_NAME
    public static final int DATABASE_VERSION
    public static final java.lang.String AUTHORITY
    6:6:public NoteMetaData()
com.yuri.notebook.db.NoteMetaData$Note:
    public static final java.lang.String TABLE_NAME
    public static final java.lang.String CONTENT_TYPE
    public static final java.lang.String CONTENT_TYPE_ITEM
    public static final java.lang.String TABLE_MAIL
    public static final java.lang.String MAIL_CONTENT_TYPE
    public static final java.lang.String MAIL_CONTENT_TYPE_ITEM
    public static final java.lang.String TITLE
    public static final java.lang.String CONTENT
    public static final java.lang.String TIME
    public static final java.lang.String GROUP
    public static final java.lang.String SORT_ORDER_DEFAULT
    public static final java.lang.String SORT_ORDER_TIME
    public static final java.lang.String SORT_ORDER_GROUP
    public static final java.lang.String MAIL_ADDRESS
    13:13:public NoteMetaData$Note()
com.yuri.notebook.db.NoteProvider:
    private static final java.lang.String TAG
    public static final int NOTEBOOK_COLLECTION
    public static final int NOTEBOOK_SINGLE
    public static final int MAIL_COLLECTION
    public static final int MAIL_SINGLE
    public static final int NOTEBOOK_FILTER
com.yuri.notebook.loader.ActionModeCallback
com.yuri.notebook.loader.ActionModeCallback$1
com.yuri.notebook.loader.NoteAdapter:
    private static final java.lang.String TAG
    private static final int THEME_COLOR_DEFAULT
    private static final int SHOW_LENGTH
    109:109:public java.lang.String getSearchString()
    247:255:public void hightLightMatcherText(android.widget.TextView,java.lang.String)
com.yuri.notebook.loader.NoteLoader:
    private static final java.lang.String TAG
    private static final int DRAWER_OPEN
    private static final int DRAWER_CLOSE
com.yuri.notebook.login.LockPatternUtils:
    private static final java.lang.String KEY_LOCK_PWD
com.yuri.notebook.login.LockPatternView:
    private static final int ASPECT_SQUARE
    private static final int ASPECT_LOCK_WIDTH
    private static final int ASPECT_LOCK_HEIGHT
    private static final boolean PROFILE_DRAWING
    static final int STATUS_BAR_HEIGHT
    private static final int MILLIS_PER_CIRCLE_ANIMATING
    303:303:public boolean isInStealthMode()
    310:310:public boolean isTactileFeedbackEnabled()
    442:443:public void disableInput()
    449:450:public void enableInput()
com.yuri.notebook.login.LockPatternView$SavedState:
    1139:1145:private LockPatternView$SavedState(android.os.Parcel)
com.yuri.notebook.login.LoginPasswdActivity:
    private static final java.lang.String TAG
    private static final int MENU_MODIFY_PW
    private static final int MODEL_PW
...
android.support.v4.view.ViewConfigurationCompat$ViewConfigurationVersionImpl
android.support.v4.view.ViewConfigurationCompatFroyo
android.support.v4.view.ViewGroupCompat:
    78:80:private ViewGroupCompat()
    99:99:public static boolean onRequestSendAccessibilityEvent(android.view.ViewGroup,android.view.View,android.view.accessibility.AccessibilityEvent)
android.support.v4.view.ViewGroupCompat$ViewGroupCompatIcsImpl:
    59:59:public boolean onRequestSendAccessibilityEvent(android.view.ViewGroup,android.view.View,android.view.accessibility.AccessibilityEvent)
android.support.v4.view.ViewGroupCompat$ViewGroupCompatImpl:
    public abstract boolean onRequestSendAccessibilityEvent(android.view.ViewGroup,android.view.View,android.view.accessibility.AccessibilityEvent)
android.support.v4.view.ViewGroupCompat$ViewGroupCompatStubImpl:
    40:40:public boolean onRequestSendAccessibilityEvent(android.view.ViewGroup,android.view.View,android.view.accessibility.AccessibilityEvent)
android.support.v4.view.ViewGroupCompatHC:
    23:24:private ViewGroupCompatHC()
android.support.v4.view.ViewGroupCompatIcs
android.support.v4.view.ViewPager:
    private static final java.lang.String TAG
    private static final boolean DEBUG
    private static final boolean USE_CACHE
    private static final int DEFAULT_OFFSCREEN_PAGES
    private static final int MAX_SETTLE_DURATION
    private static final int MIN_DISTANCE_FOR_FLING
    private static final int DEFAULT_GUTTER_SIZE
    private static final int MIN_FLING_VELOCITY
    private boolean mIgnoreGutter
    private static final int INVALID_POINTER
    private static final int CLOSE_ENOUGH
    private long mFakeDragBeginTime
    private static final int DRAW_ORDER_DEFAULT
    private static final int DRAW_ORDER_FORWARD
    private static final int DRAW_ORDER_REVERSE
    public static final int SCROLL_STATE_IDLE
    public static final int SCROLL_STATE_DRAGGING
    public static final int SCROLL_STATE_SETTLING
    344:346:public ViewPager(android.content.Context)
    349:351:public ViewPager(android.content.Context,android.util.AttributeSet)
    354:379:void initViewPager()
    608:620:public void setPageTransformer(boolean,android.support.v4.view.ViewPager$PageTransformer)
    654:656:android.support.v4.view.ViewPager$OnPageChangeListener setInternalPageChangeListener(android.support.v4.view.ViewPager$OnPageChangeListener)
    778:779:void smoothScrollTo(int,int)
    2259:2275:public boolean beginFakeDrag()
    2285:2306:public void endFakeDrag()
    2316:2354:public void fakeDragBy(float)
    2366:2366:public boolean isFakeDragging()
android.support.v4.view.ViewPager$3
android.support.v4.view.ViewPager$MyAccessibilityDelegate
android.support.v4.view.ViewPager$SimpleOnPageChangeListener
android.support.v4.view.ViewParentCompat
android.support.v4.view.ViewParentCompat$ViewParentCompatICSImpl
android.support.v4.view.ViewParentCompat$ViewParentCompatImpl
android.support.v4.view.ViewParentCompat$ViewParentCompatStubImpl
android.support.v4.view.ViewParentCompatICS
android.support.v4.view.WindowCompat
android.support.v4.view.accessibility.AccessibilityEventCompat
android.support.v4.view.accessibility.AccessibilityEventCompat$AccessibilityEventIcsImpl
android.support.v4.view.accessibility.AccessibilityEventCompat$AccessibilityEventStubImpl
android.support.v4.view.accessibility.AccessibilityEventCompat$AccessibilityEventVersionImpl
android.support.v4.view.accessibility.AccessibilityEventCompatIcs
android.support.v4.view.accessibility.AccessibilityManagerCompat
android.support.v4.view.accessibility.AccessibilityManagerCompat$AccessibilityManagerIcsImpl
android.support.v4.view.accessibility.AccessibilityManagerCompat$AccessibilityManagerIcsImpl$1
android.support.v4.view.accessibility.AccessibilityManagerCompat$AccessibilityManagerStubImpl
android.support.v4.view.accessibility.AccessibilityManagerCompat$AccessibilityManagerVersionImpl